This is XeTeX, Version 3.14159265-2.6-0.99999 (TeX Live 2018) (preloaded format=xelatex 2018.9.30)  12 OCT 2018 16:19
entering extended mode
 restricted \write18 enabled.
 %&-line parsing enabled.
**Result.tex
(./Result.tex
LaTeX2e <2018-04-01> patch level 5
(./yazd-thesis.cls
Document Class: yazd-thesis 2015/01/22 v0.1 A template for the Yazd University

(/mnt/F/Rahati/manjaro/Programs/texlive/2018/texmf-dist/tex/latex/base/book.cls
Document Class: book 2014/09/29 v1.4h Standard LaTeX document class

(/mnt/F/Rahati/manjaro/Programs/texlive/2018/texmf-dist/tex/latex/base/bk11.clo
File: bk11.clo 2014/09/29 v1.4h Standard LaTeX file (size option)
)
\c@part=\count80
\c@chapter=\count81
\c@section=\count82
\c@subsection=\count83
\c@subsubsection=\count84
\c@paragraph=\count85
\c@subparagraph=\count86
\c@figure=\count87
\c@table=\count88
\abovecaptionskip=\skip41
\belowcaptionskip=\skip42
\bibindent=\dimen102
)
(/mnt/F/Rahati/manjaro/Programs/texlive/2018/texmf-dist/tex/latex/amscls/amsthm
.sty
Package: amsthm 2017/10/31 v2.20.4
\thm@style=\toks14
\thm@bodyfont=\toks15
\thm@headfont=\toks16
\thm@notefont=\toks17
\thm@headpunct=\toks18
\thm@preskip=\skip43
\thm@postskip=\skip44
\thm@headsep=\skip45
\dth@everypar=\toks19
)
(/mnt/F/Rahati/manjaro/Programs/texlive/2018/texmf-dist/tex/latex/amsfonts/amss
ymb.sty
Package: amssymb 2013/01/14 v3.01 AMS font symbols

(/mnt/F/Rahati/manjaro/Programs/texlive/2018/texmf-dist/tex/latex/amsfonts/amsf
onts.sty
Package: amsfonts 2013/01/14 v3.01 Basic AMSFonts support
\@emptytoks=\toks20
\symAMSa=\mathgroup4
\symAMSb=\mathgroup5
LaTeX Font Info:    Overwriting math alphabet `\mathfrak' in version `bold'
(Font)                  U/euf/m/n --> U/euf/b/n on input line 106.
))
(/mnt/F/Rahati/manjaro/Programs/texlive/2018/texmf-dist/tex/latex/amsmath/amsma
th.sty
Package: amsmath 2017/09/02 v2.17a AMS math features
\@mathmargin=\skip46

For additional information on amsmath, use the `?' option.

(/mnt/F/Rahati/manjaro/Programs/texlive/2018/texmf-dist/tex/latex/amsmath/amste
xt.sty
Package: amstext 2000/06/29 v2.01 AMS text

(/mnt/F/Rahati/manjaro/Programs/texlive/2018/texmf-dist/tex/latex/amsmath/amsge
n.sty
File: amsgen.sty 1999/11/30 v2.0 generic functions
\@emptytoks=\toks21
\ex@=\dimen103
))
(/mnt/F/Rahati/manjaro/Programs/texlive/2018/texmf-dist/tex/latex/amsmath/amsbs
y.sty
Package: amsbsy 1999/11/29 v1.2d Bold Symbols
\pmbraise@=\dimen104
)
(/mnt/F/Rahati/manjaro/Programs/texlive/2018/texmf-dist/tex/latex/amsmath/amsop
n.sty
Package: amsopn 2016/03/08 v2.02 operator names
)
\inf@bad=\count89
LaTeX Info: Redefining \frac on input line 213.
\uproot@=\count90
\leftroot@=\count91
LaTeX Info: Redefining \overline on input line 375.
\classnum@=\count92
\DOTSCASE@=\count93
LaTeX Info: Redefining \ldots on input line 472.
LaTeX Info: Redefining \dots on input line 475.
LaTeX Info: Redefining \cdots on input line 596.
\Mathstrutbox@=\box26
\strutbox@=\box27
\big@size=\dimen105
LaTeX Font Info:    Redeclaring font encoding OML on input line 712.
LaTeX Font Info:    Redeclaring font encoding OMS on input line 713.
\macc@depth=\count94
\c@MaxMatrixCols=\count95
\dotsspace@=\muskip10
\c@parentequation=\count96
\dspbrk@lvl=\count97
\tag@help=\toks22
\row@=\count98
\column@=\count99
\maxfields@=\count100
\andhelp@=\toks23
\eqnshift@=\dimen106
\alignsep@=\dimen107
\tagshift@=\dimen108
\tagwidth@=\dimen109
\totwidth@=\dimen110
\lineht@=\dimen111
\@envbody=\toks24
\multlinegap=\skip47
\multlinetaggap=\skip48
\mathdisplay@stack=\toks25
LaTeX Info: Redefining \[ on input line 2817.
LaTeX Info: Redefining \] on input line 2818.
)
(/mnt/F/Rahati/manjaro/Programs/texlive/2018/texmf-dist/tex/latex/tools/calc.st
y
Package: calc 2017/05/25 v4.3 Infix arithmetic (KKT,FJ)
\calc@Acount=\count101
\calc@Bcount=\count102
\calc@Adimen=\dimen112
\calc@Bdimen=\dimen113
\calc@Askip=\skip49
\calc@Bskip=\skip50
LaTeX Info: Redefining \setlength on input line 80.
LaTeX Info: Redefining \addtolength on input line 81.
\calc@Ccount=\count103
\calc@Cskip=\skip51
)
(/mnt/F/Rahati/manjaro/Programs/texlive/2018/texmf-dist/tex/latex/geometry/geom
etry.sty
Package: geometry 2018/04/16 v5.8 Page Geometry

(/mnt/F/Rahati/manjaro/Programs/texlive/2018/texmf-dist/tex/latex/graphics/keyv
al.sty
Package: keyval 2014/10/28 v1.15 key=value parser (DPC)
\KV@toks@=\toks26
)
(/mnt/F/Rahati/manjaro/Programs/texlive/2018/texmf-dist/tex/generic/oberdiek/if
pdf.sty
Package: ifpdf 2018/09/07 v3.3 Provides the ifpdf switch
)
(/mnt/F/Rahati/manjaro/Programs/texlive/2018/texmf-dist/tex/generic/oberdiek/if
vtex.sty
Package: ifvtex 2016/05/16 v1.6 Detect VTeX and its facilities (HO)
Package ifvtex Info: VTeX not detected.
)
(/mnt/F/Rahati/manjaro/Programs/texlive/2018/texmf-dist/tex/generic/ifxetex/ifx
etex.sty
Package: ifxetex 2010/09/12 v0.6 Provides ifxetex conditional
)
\Gm@cnth=\count104
\Gm@cntv=\count105
\c@Gm@tempcnt=\count106
\Gm@bindingoffset=\dimen114
\Gm@wd@mp=\dimen115
\Gm@odd@mp=\dimen116
\Gm@even@mp=\dimen117
\Gm@layoutwidth=\dimen118
\Gm@layoutheight=\dimen119
\Gm@layouthoffset=\dimen120
\Gm@layoutvoffset=\dimen121
\Gm@dimlist=\toks27
)
(/mnt/F/Rahati/manjaro/Programs/texlive/2018/texmf-dist/tex/latex/acronym/acron
ym.sty
Package: acronym 2015/03/21 v1.41 Support for acronyms (Tobias Oetiker)

(/mnt/F/Rahati/manjaro/Programs/texlive/2018/texmf-dist/tex/latex/bigfoot/suffi
x.sty
Package: suffix 2006/07/15 1.5a Variant command support
)
(/mnt/F/Rahati/manjaro/Programs/texlive/2018/texmf-dist/tex/generic/xstring/xst
ring.sty
(/mnt/F/Rahati/manjaro/Programs/texlive/2018/texmf-dist/tex/generic/xstring/xst
ring.tex
\@xs@message=\write3
\integerpart=\count107
\decimalpart=\count108
)
Package: xstring 2013/10/13  v1.7c  String manipulations (C Tellechea)
)
\AC@clearlist=\toks28
)
(/mnt/F/Rahati/manjaro/Programs/texlive/2018/texmf-dist/tex/latex/graphics/grap
hicx.sty
Package: graphicx 2017/06/01 v1.1a Enhanced LaTeX Graphics (DPC,SPQR)

(/mnt/F/Rahati/manjaro/Programs/texlive/2018/texmf-dist/tex/latex/graphics/grap
hics.sty
Package: graphics 2017/06/25 v1.2c Standard LaTeX Graphics (DPC,SPQR)

(/mnt/F/Rahati/manjaro/Programs/texlive/2018/texmf-dist/tex/latex/graphics/trig
.sty
Package: trig 2016/01/03 v1.10 sin cos tan (DPC)
)
(/mnt/F/Rahati/manjaro/Programs/texlive/2018/texmf-dist/tex/latex/graphics-cfg/
graphics.cfg
File: graphics.cfg 2016/06/04 v1.11 sample graphics configuration
)
Package graphics Info: Driver file: xetex.def on input line 99.

(/mnt/F/Rahati/manjaro/Programs/texlive/2018/texmf-dist/tex/latex/graphics-def/
xetex.def
File: xetex.def 2017/06/24 v5.0h Graphics/color driver for xetex
))
\Gin@req@height=\dimen122
\Gin@req@width=\dimen123
)
(/mnt/F/Rahati/manjaro/Programs/texlive/2018/texmf-dist/tex/latex/tools/array.s
ty
Package: array 2018/04/30 v2.4h Tabular extension package (FMi)
\col@sep=\dimen124
\ar@mcellbox=\box28
\extrarowheight=\dimen125
\NC@list=\toks29
\extratabsurround=\skip52
\backup@length=\skip53
\ar@cellbox=\box29
)
(/mnt/F/Rahati/manjaro/Programs/texlive/2018/texmf-dist/tex/latex/tools/multico
l.sty
Package: multicol 2018/04/20 v1.8s multicolumn formatting (FMi)
\c@tracingmulticols=\count109
\mult@box=\box30
\multicol@leftmargin=\dimen126
\c@unbalance=\count110
\c@collectmore=\count111
\doublecol@number=\count112
\multicoltolerance=\count113
\multicolpretolerance=\count114
\full@width=\dimen127
\page@free=\dimen128
\premulticols=\dimen129
\postmulticols=\dimen130
\multicolsep=\skip54
\multicolbaselineskip=\skip55
\partial@page=\box31
\last@line=\box32
\maxbalancingoverflow=\dimen131
\mult@rightbox=\box33
\mult@grightbox=\box34
\mult@gfirstbox=\box35
\mult@firstbox=\box36
\@tempa=\box37
\@tempa=\box38
\@tempa=\box39
\@tempa=\box40
\@tempa=\box41
\@tempa=\box42
\@tempa=\box43
\@tempa=\box44
\@tempa=\box45
\@tempa=\box46
\@tempa=\box47
\@tempa=\box48
\@tempa=\box49
\@tempa=\box50
\@tempa=\box51
\@tempa=\box52
\@tempa=\box53
\c@columnbadness=\count115
\c@finalcolumnbadness=\count116
\last@try=\dimen132
\multicolovershoot=\dimen133
\multicolundershoot=\dimen134
\mult@nat@firstbox=\box54
\colbreak@box=\box55
\mc@col@check@num=\count117
)
(/mnt/F/Rahati/manjaro/Programs/texlive/2018/texmf-dist/tex/latex/fancyhdr/fanc
yhdr.sty
Package: fancyhdr 2017/06/30 v3.9a Extensive control of page headers and footer
s
\f@nch@headwidth=\skip56
\f@nch@O@elh=\skip57
\f@nch@O@erh=\skip58
\f@nch@O@olh=\skip59
\f@nch@O@orh=\skip60
\f@nch@O@elf=\skip61
\f@nch@O@erf=\skip62
\f@nch@O@olf=\skip63
\f@nch@O@orf=\skip64
)
(/mnt/F/Rahati/manjaro/Programs/texlive/2018/texmf-dist/tex/latex/tocbibind/toc
bibind.sty
Package: tocbibind 2010/10/13 v1.5k extra ToC listings
Package tocbibind Info: The document has chapter divisions on input line 50.


Package tocbibind Note: Using chapter style headings, unless overridden.

)
(/mnt/F/Rahati/manjaro/Programs/texlive/2018/texmf-dist/tex/latex/oberdiek/zref
-perpage.sty
Package: zref-perpage 2016/05/21 v2.26 Module perpage for zref (HO)

(/mnt/F/Rahati/manjaro/Programs/texlive/2018/texmf-dist/tex/latex/oberdiek/zref
-base.sty
Package: zref-base 2016/05/21 v2.26 Module base for zref (HO)

(/mnt/F/Rahati/manjaro/Programs/texlive/2018/texmf-dist/tex/generic/oberdiek/lt
xcmds.sty
Package: ltxcmds 2016/05/16 v1.23 LaTeX kernel commands for general use (HO)
)
(/mnt/F/Rahati/manjaro/Programs/texlive/2018/texmf-dist/tex/generic/oberdiek/in
fwarerr.sty
Package: infwarerr 2016/05/16 v1.4 Providing info/warning/error messages (HO)
)
(/mnt/F/Rahati/manjaro/Programs/texlive/2018/texmf-dist/tex/generic/oberdiek/kv
setkeys.sty
Package: kvsetkeys 2016/05/16 v1.17 Key value parser (HO)

(/mnt/F/Rahati/manjaro/Programs/texlive/2018/texmf-dist/tex/generic/oberdiek/et
excmds.sty
Package: etexcmds 2016/05/16 v1.6 Avoid name clashes with e-TeX commands (HO)

(/mnt/F/Rahati/manjaro/Programs/texlive/2018/texmf-dist/tex/generic/oberdiek/if
luatex.sty
Package: ifluatex 2016/05/16 v1.4 Provides the ifluatex switch (HO)
Package ifluatex Info: LuaTeX not detected.
)
Package etexcmds Info: Could not find \expanded.
(etexcmds)             That can mean that you are not using pdfTeX 1.50 or
(etexcmds)             that some package has redefined \expanded.
(etexcmds)             In the latter case, load this package earlier.
))
(/mnt/F/Rahati/manjaro/Programs/texlive/2018/texmf-dist/tex/generic/oberdiek/kv
definekeys.sty
Package: kvdefinekeys 2016/05/16 v1.4 Define keys (HO)
)
(/mnt/F/Rahati/manjaro/Programs/texlive/2018/texmf-dist/tex/generic/oberdiek/pd
ftexcmds.sty
Package: pdftexcmds 2018/09/10 v0.29 Utility functions of pdfTeX for LuaTeX (HO
)
Package pdftexcmds Info: LuaTeX not detected.
Package pdftexcmds Info: pdfTeX >= 1.30 not detected.
Package pdftexcmds Info: \pdf@primitive is available.
Package pdftexcmds Info: \pdf@ifprimitive is available.
Package pdftexcmds Info: \pdfdraftmode not found.
)
(/mnt/F/Rahati/manjaro/Programs/texlive/2018/texmf-dist/tex/latex/oberdiek/auxh
ook.sty
Package: auxhook 2016/05/16 v1.4 Hooks for auxiliary files (HO)
)
Package zref Info: New property list: main on input line 759.
Package zref Info: New property: default on input line 760.
Package zref Info: New property: page on input line 761.
)
(/mnt/F/Rahati/manjaro/Programs/texlive/2018/texmf-dist/tex/latex/oberdiek/zref
-abspage.sty
Package: zref-abspage 2016/05/21 v2.26 Module abspage for zref (HO)

(/mnt/F/Rahati/manjaro/Programs/texlive/2018/texmf-dist/tex/generic/oberdiek/at
begshi.sty
Package: atbegshi 2016/06/09 v1.18 At begin shipout hook (HO)
)
\c@abspage=\count118
Package zref Info: New property: abspage on input line 62.
)
Package zref Info: New property: pagevalue on input line 54.
Package zref Info: New property list: perpage on input line 55.
\c@zpage=\count119
\c@zref@unique=\count120
)
(/mnt/F/Rahati/manjaro/Programs/texlive/2018/texmf-dist/tex/latex/base/makeidx.
sty
Package: makeidx 2014/09/29 v1.0m Standard LaTeX package
)
\@indexfile=\write4
\openout4 = `Result.idx'.


Writing index file Result.idx

(/mnt/F/Rahati/manjaro/Programs/texlive/2018/texmf-dist/tex/latex/xcolor/xcolor
.sty
Package: xcolor 2016/05/11 v2.12 LaTeX color extensions (UK)

(/mnt/F/Rahati/manjaro/Programs/texlive/2018/texmf-dist/tex/latex/graphics-cfg/
color.cfg
File: color.cfg 2016/01/02 v1.6 sample color configuration
)
Package xcolor Info: Driver file: xetex.def on input line 225.
Package xcolor Info: Model `cmy' substituted by `cmy0' on input line 1348.
Package xcolor Info: Model `RGB' extended on input line 1364.
Package xcolor Info: Model `HTML' substituted by `rgb' on input line 1366.
Package xcolor Info: Model `Hsb' substituted by `hsb' on input line 1367.
Package xcolor Info: Model `tHsb' substituted by `hsb' on input line 1368.
Package xcolor Info: Model `HSB' substituted by `hsb' on input line 1369.
Package xcolor Info: Model `Gray' substituted by `gray' on input line 1370.
Package xcolor Info: Model `wave' substituted by `hsb' on input line 1371.
)
(/mnt/F/Rahati/manjaro/Programs/texlive/2018/texmf-dist/tex/latex/hyperref/hype
rref.sty
Package: hyperref 2018/02/06 v6.86b Hypertext links for LaTeX

(/mnt/F/Rahati/manjaro/Programs/texlive/2018/texmf-dist/tex/generic/oberdiek/ho
bsub-hyperref.sty
Package: hobsub-hyperref 2016/05/16 v1.14 Bundle oberdiek, subset hyperref (HO)


(/mnt/F/Rahati/manjaro/Programs/texlive/2018/texmf-dist/tex/generic/oberdiek/ho
bsub-generic.sty
Package: hobsub-generic 2016/05/16 v1.14 Bundle oberdiek, subset generic (HO)
Package: hobsub 2016/05/16 v1.14 Construct package bundles (HO)
Package hobsub Info: Skipping package `infwarerr' (already loaded).
Package hobsub Info: Skipping package `ltxcmds' (already loaded).
Package hobsub Info: Skipping package `ifluatex' (already loaded).
Package hobsub Info: Skipping package `ifvtex' (already loaded).
Package: intcalc 2016/05/16 v1.2 Expandable calculations with integers (HO)
Package hobsub Info: Skipping package `ifpdf' (already loaded).
Package hobsub Info: Skipping package `etexcmds' (already loaded).
Package hobsub Info: Skipping package `kvsetkeys' (already loaded).
Package hobsub Info: Skipping package `kvdefinekeys' (already loaded).
Package hobsub Info: Skipping package `pdftexcmds' (already loaded).
Package: pdfescape 2016/05/16 v1.14 Implements pdfTeX's escape features (HO)
Package: bigintcalc 2016/05/16 v1.4 Expandable calculations on big integers (HO
)
Package: bitset 2016/05/16 v1.2 Handle bit-vector datatype (HO)
Package: uniquecounter 2016/05/16 v1.3 Provide unlimited unique counter (HO)
)
Package hobsub Info: Skipping package `hobsub' (already loaded).
Package: letltxmacro 2016/05/16 v1.5 Let assignment for LaTeX macros (HO)
Package: hopatch 2016/05/16 v1.3 Wrapper for package hooks (HO)
Package: xcolor-patch 2016/05/16 xcolor patch
Package: atveryend 2016/05/16 v1.9 Hooks at the very end of document (HO)
Package atveryend Info: \enddocument detected (standard20110627).
Package hobsub Info: Skipping package `atbegshi' (already loaded).
Package: refcount 2016/05/16 v3.5 Data extraction from label references (HO)
Package: hycolor 2016/05/16 v1.8 Color options for hyperref/bookmark (HO)
)
(/mnt/F/Rahati/manjaro/Programs/texlive/2018/texmf-dist/tex/latex/oberdiek/kvop
tions.sty
Package: kvoptions 2016/05/16 v3.12 Key value format for package options (HO)
)
\@linkdim=\dimen135
\Hy@linkcounter=\count121
\Hy@pagecounter=\count122

(/mnt/F/Rahati/manjaro/Programs/texlive/2018/texmf-dist/tex/latex/hyperref/pd1e
nc.def
File: pd1enc.def 2018/02/06 v6.86b Hyperref: PDFDocEncoding definition (HO)
)
\Hy@SavedSpaceFactor=\count123

(/mnt/F/Rahati/manjaro/Programs/texlive/2018/texmf-dist/tex/latex/latexconfig/h
yperref.cfg
File: hyperref.cfg 2002/06/06 v1.2 hyperref configuration of TeXLive
)
Package hyperref Info: Hyper figures OFF on input line 4509.
Package hyperref Info: Link nesting OFF on input line 4514.
Package hyperref Info: Hyper index ON on input line 4517.
Package hyperref Info: Plain pages OFF on input line 4524.
Package hyperref Info: Backreferencing OFF on input line 4529.
Package hyperref Info: Implicit mode ON; LaTeX internals redefined.
Package hyperref Info: Bookmarks ON on input line 4762.
\c@Hy@tempcnt=\count124

(/mnt/F/Rahati/manjaro/Programs/texlive/2018/texmf-dist/tex/latex/url/url.sty
\Urlmuskip=\muskip11
Package: url 2013/09/16  ver 3.4  Verb mode for urls, etc.
)
LaTeX Info: Redefining \url on input line 5115.
\XeTeXLinkMargin=\dimen136
\Fld@menulength=\count125
\Field@Width=\dimen137
\Fld@charsize=\dimen138
Package hyperref Info: Hyper figures OFF on input line 6369.
Package hyperref Info: Link nesting OFF on input line 6374.
Package hyperref Info: Hyper index ON on input line 6377.
Package hyperref Info: backreferencing OFF on input line 6384.
Package hyperref Info: Link coloring OFF on input line 6389.
Package hyperref Info: Link coloring with OCG OFF on input line 6394.
Package hyperref Info: PDF/A mode OFF on input line 6399.
LaTeX Info: Redefining \ref on input line 6439.
LaTeX Info: Redefining \pageref on input line 6443.
\Hy@abspage=\count126
\c@Item=\count127
\c@Hfootnote=\count128
)
Package hyperref Info: Driver (autodetected): hxetex.

(/mnt/F/Rahati/manjaro/Programs/texlive/2018/texmf-dist/tex/latex/hyperref/hxet
ex.def
File: hxetex.def 2018/02/06 v6.86b Hyperref driver for XeTeX

(/mnt/F/Rahati/manjaro/Programs/texlive/2018/texmf-dist/tex/latex/hyperref/puen
c.def
File: puenc.def 2018/02/06 v6.86b Hyperref: PDF Unicode definition (HO)
)
(/mnt/F/Rahati/manjaro/Programs/texlive/2018/texmf-dist/tex/generic/oberdiek/st
ringenc.sty
Package: stringenc 2016/05/16 v1.11 Convert strings between diff. encodings (HO
)
)
\pdfm@box=\box56
\c@Hy@AnnotLevel=\count129
\HyField@AnnotCount=\count130
\Fld@listcount=\count131
\c@bookmark@seq@number=\count132

(/mnt/F/Rahati/manjaro/Programs/texlive/2018/texmf-dist/tex/latex/oberdiek/reru
nfilecheck.sty
Package: rerunfilecheck 2016/05/16 v1.8 Rerun checks for auxiliary files (HO)
Package uniquecounter Info: New unique counter `rerunfilecheck' on input line 2
82.
)
\Hy@SectionHShift=\skip65
)) (./customization.sty
(/mnt/F/Rahati/manjaro/Programs/texlive/2018/texmf-dist/tex/latex/glossaries/ba
se/glossaries.sty
Package: glossaries 2018/07/23 v4.41 (NLCT)

(/mnt/F/Rahati/manjaro/Programs/texlive/2018/texmf-dist/tex/latex/base/ifthen.s
ty
Package: ifthen 2014/09/29 v1.1c Standard LaTeX ifthen package (DPC)
)
(/mnt/F/Rahati/manjaro/Programs/texlive/2018/texmf-dist/tex/latex/xkeyval/xkeyv
al.sty
Package: xkeyval 2014/12/03 v2.7a package option processing (HA)

(/mnt/F/Rahati/manjaro/Programs/texlive/2018/texmf-dist/tex/generic/xkeyval/xke
yval.tex
(/mnt/F/Rahati/manjaro/Programs/texlive/2018/texmf-dist/tex/generic/xkeyval/xkv
utils.tex
\XKV@toks=\toks30
\XKV@tempa@toks=\toks31
)
\XKV@depth=\count133
File: xkeyval.tex 2014/12/03 v2.7a key=value parser (HA)
))
(/mnt/F/Rahati/manjaro/Programs/texlive/2018/texmf-dist/tex/latex/mfirstuc/mfir
stuc.sty
Package: mfirstuc 2017/11/14 v2.06 (NLCT)

(/mnt/F/Rahati/manjaro/Programs/texlive/2018/texmf-dist/tex/latex/etoolbox/etoo
lbox.sty
Package: etoolbox 2018/08/19 v2.5f e-TeX tools for LaTeX (JAW)
\etb@tempcnta=\count134
)
\@glsmfirst=\toks32
\@glsmrest=\toks33
)
(/mnt/F/Rahati/manjaro/Programs/texlive/2018/texmf-dist/tex/latex/textcase/text
case.sty
Package: textcase 2004/10/07 v0.07 Text only upper/lower case changing (DPC)
)
(/mnt/F/Rahati/manjaro/Programs/texlive/2018/texmf-dist/tex/latex/xfor/xfor.sty
Package: xfor 2009/02/05 v1.05 (NLCT)
)
(/mnt/F/Rahati/manjaro/Programs/texlive/2018/texmf-dist/tex/latex/datatool/data
tool-base.sty
Package: datatool-base 2018/04/16 v2.30 (NLCT)

(/mnt/F/Rahati/manjaro/Programs/texlive/2018/texmf-dist/tex/latex/substr/substr
.sty
Package: substr 2009/10/20 v1.2 Handle substrings
\c@su@anzahl=\count135
)
(/mnt/F/Rahati/manjaro/Programs/texlive/2018/texmf-dist/tex/latex/datatool/data
tool-fp.sty
Package: datatool-fp 2018/04/16 v2.30 (NLCT)

(/mnt/F/Rahati/manjaro/Programs/texlive/2018/texmf-dist/tex/latex/fp/fp.sty
Package: fp 1995/04/02

`Fixed Point Package', Version 0.8, April 2, 1995 (C) Michael Mehlich
(/mnt/F/Rahati/manjaro/Programs/texlive/2018/texmf-dist/tex/latex/fp/defpattern
.sty
Package: defpattern 1994/10/12
\actioncount=\count136
)
(/mnt/F/Rahati/manjaro/Programs/texlive/2018/texmf-dist/tex/latex/fp/fp-basic.s
ty
Package: fp-basic 1996/05/13
\FP@xs=\count137
\FP@xia=\count138
\FP@xib=\count139
\FP@xfa=\count140
\FP@xfb=\count141
\FP@rega=\count142
\FP@regb=\count143
\FP@regs=\count144
\FP@times=\count145
)
(/mnt/F/Rahati/manjaro/Programs/texlive/2018/texmf-dist/tex/latex/fp/fp-addons.
sty
Package: fp-addons 1995/03/15
)
(/mnt/F/Rahati/manjaro/Programs/texlive/2018/texmf-dist/tex/latex/fp/fp-snap.st
y
Package: fp-snap 1995/04/05
)
(/mnt/F/Rahati/manjaro/Programs/texlive/2018/texmf-dist/tex/latex/fp/fp-exp.sty
Package: fp-exp 1995/04/03
)
(/mnt/F/Rahati/manjaro/Programs/texlive/2018/texmf-dist/tex/latex/fp/fp-trigo.s
ty
Package: fp-trigo 1995/04/14
)
(/mnt/F/Rahati/manjaro/Programs/texlive/2018/texmf-dist/tex/latex/fp/fp-pas.sty
Package: fp-pas 1994/08/29
)
(/mnt/F/Rahati/manjaro/Programs/texlive/2018/texmf-dist/tex/latex/fp/fp-random.
sty
Package: fp-random 1995/02/23
\FPseed=\count146
)
(/mnt/F/Rahati/manjaro/Programs/texlive/2018/texmf-dist/tex/latex/fp/fp-eqn.sty
Package: fp-eqn 1995/04/03
)
(/mnt/F/Rahati/manjaro/Programs/texlive/2018/texmf-dist/tex/latex/fp/fp-upn.sty
Package: fp-upn 1996/10/21
)
(/mnt/F/Rahati/manjaro/Programs/texlive/2018/texmf-dist/tex/latex/fp/fp-eval.st
y
Package: fp-eval 1995/04/03
)))
\@dtl@toks=\toks34
\@dtl@tmpcount=\count147
\dtl@tmplength=\skip66
\dtl@sortresult=\count148
\@dtl@numgrpsepcount=\count149
\@dtl@datatype=\count150
\dtl@codeA=\count151
\dtl@codeB=\count152
\@dtl@foreach@level=\count153
)
(/mnt/F/Rahati/manjaro/Programs/texlive/2018/texmf-dist/tex/latex/glossaries/ba
se/glossaries-compatible-307.sty
Package: glossaries-compatible-307 2018/07/23 v4.41 (NLCT)
)
\gls@level=\count154
\@gls@tmpb=\toks35
\gls@tmplen=\skip67
\glskeylisttok=\toks36
\glslabeltok=\toks37
\glsshorttok=\toks38
\glslongtok=\toks39

(/mnt/F/Rahati/manjaro/Programs/texlive/2018/texmf-dist/tex/latex/glossaries/st
yles/glossary-hypernav.sty
Package: glossary-hypernav 2018/07/23 v4.41 (NLCT)
)
(/mnt/F/Rahati/manjaro/Programs/texlive/2018/texmf-dist/tex/latex/glossaries/st
yles/glossary-list.sty
Package: glossary-list 2018/07/23 v4.41 (NLCT)
\glslistdottedwidth=\skip68
)
(/mnt/F/Rahati/manjaro/Programs/texlive/2018/texmf-dist/tex/latex/glossaries/st
yles/glossary-long.sty
Package: glossary-long 2018/07/23 v4.41 (NLCT)

(/mnt/F/Rahati/manjaro/Programs/texlive/2018/texmf-dist/tex/latex/tools/longtab
le.sty
Package: longtable 2014/10/28 v4.11 Multi-page Table package (DPC)
\LTleft=\skip69
\LTright=\skip70
\LTpre=\skip71
\LTpost=\skip72
\LTchunksize=\count155
\LTcapwidth=\dimen139
\LT@head=\box57
\LT@firsthead=\box58
\LT@foot=\box59
\LT@lastfoot=\box60
\LT@cols=\count156
\LT@rows=\count157
\c@LT@tables=\count158
\c@LT@chunks=\count159
\LT@p@ftn=\toks40
)
\glsdescwidth=\skip73
\glspagelistwidth=\skip74
)
(/mnt/F/Rahati/manjaro/Programs/texlive/2018/texmf-dist/tex/latex/glossaries/st
yles/glossary-super.sty
Package: glossary-super 2018/07/23 v4.41 (NLCT)

(/mnt/F/Rahati/manjaro/Programs/texlive/2018/texmf-dist/tex/latex/supertabular/
supertabular.sty
Package: supertabular 2004/02/20 v4.1e the supertabular environment
\c@tracingst=\count160
\ST@wd=\dimen140
\ST@rightskip=\skip75
\ST@leftskip=\skip76
\ST@parfillskip=\skip77
\ST@pageleft=\dimen141
\ST@headht=\dimen142
\ST@tailht=\dimen143
\ST@pagesofar=\dimen144
\ST@pboxht=\dimen145
\ST@lineht=\dimen146
\ST@stretchht=\dimen147
\ST@prevht=\dimen148
\ST@toadd=\dimen149
\ST@dimen=\dimen150
\ST@pbox=\box61
))
(/mnt/F/Rahati/manjaro/Programs/texlive/2018/texmf-dist/tex/latex/glossaries/st
yles/glossary-tree.sty
Package: glossary-tree 2018/07/23 v4.41 (NLCT)
\glstreeindent=\skip78
))
\glswrite=\write5
\glo@main@file=\write6
\openout6 = `Result.glo'.

Package glossaries Info: Writing glossary file Result.glo on input line 95.
\glo@acronym@file=\write7
\openout7 = `Result.acn'.

Package glossaries Info: Writing glossary file Result.acn on input line 95.
\glo@english@file=\write8
\openout8 = `Result.glo'.

Package glossaries Info: Writing glossary file Result.glo on input line 95.
\glo@persian@file=\write9
\openout9 = `Result.blo'.

Package glossaries Info: Writing glossary file Result.blo on input line 95.
)
(/mnt/F/Rahati/manjaro/Programs/texlive/2018/texmf-dist/tex/latex/float/float.s
ty
Package: float 2001/11/08 v1.3d Float enhancements (AL)
\c@float@type=\count161
\float@exts=\toks41
\float@box=\box62
\@float@everytoks=\toks42
\@floatcapt=\box63
)
(/mnt/F/Rahati/manjaro/Programs/texlive/2018/texmf-dist/tex/latex/multirow/mult
irow.sty
Package: multirow 2018/08/03 v2.3 Span multiple rows of a table
\multirow@colwidth=\skip79
\multirow@cntb=\count162
\multirow@dima=\skip80
\bigstrutjot=\dimen151
)
(/mnt/F/Rahati/manjaro/Programs/texlive/2018/texmf-dist/tex/xelatex/xepersian/x
epersian.sty
Package: xepersian 2018/09/29 v21.5 Persian typesetting in XeLaTeX

(/mnt/F/Rahati/manjaro/Programs/texlive/2018/texmf-dist/tex/latex/fontspec/font
spec.sty
(/mnt/F/Rahati/manjaro/Programs/texlive/2018/texmf-dist/tex/latex/l3packages/xp
arse/xparse.sty
(/mnt/F/Rahati/manjaro/Programs/texlive/2018/texmf-dist/tex/latex/l3kernel/expl
3.sty
Package: expl3 2018-09-24 L3 programming layer (loader) 

(/mnt/F/Rahati/manjaro/Programs/texlive/2018/texmf-dist/tex/latex/l3kernel/expl
3-code.tex
Package: expl3 2018-09-24 L3 programming layer (code)
\c_max_int=\count163
\l_tmpa_int=\count164
\l_tmpb_int=\count165
\g_tmpa_int=\count166
\g_tmpb_int=\count167
\g__kernel_prg_map_int=\count168
\c_log_iow=\count169
\l_iow_line_count_int=\count170
\l__iow_line_target_int=\count171
\l__iow_one_indent_int=\count172
\l__iow_indent_int=\count173
\c_zero_dim=\dimen152
\c_max_dim=\dimen153
\l_tmpa_dim=\dimen154
\l_tmpb_dim=\dimen155
\g_tmpa_dim=\dimen156
\g_tmpb_dim=\dimen157
\c_zero_skip=\skip81
\c_max_skip=\skip82
\l_tmpa_skip=\skip83
\l_tmpb_skip=\skip84
\g_tmpa_skip=\skip85
\g_tmpb_skip=\skip86
\c_zero_muskip=\muskip12
\c_max_muskip=\muskip13
\l_tmpa_muskip=\muskip14
\l_tmpb_muskip=\muskip15
\g_tmpa_muskip=\muskip16
\g_tmpb_muskip=\muskip17
\l_keys_choice_int=\count174
\l__intarray_loop_int=\count175
\c__intarray_sp_dim=\dimen158
\g__intarray_font_int=\count176
\c__fp_leading_shift_int=\count177
\c__fp_middle_shift_int=\count178
\c__fp_trailing_shift_int=\count179
\c__fp_big_leading_shift_int=\count180
\c__fp_big_middle_shift_int=\count181
\c__fp_big_trailing_shift_int=\count182
\c__fp_Bigg_leading_shift_int=\count183
\c__fp_Bigg_middle_shift_int=\count184
\c__fp_Bigg_trailing_shift_int=\count185
\g__fp_array_int=\count186
\l__fp_array_loop_int=\count187
\l__sort_length_int=\count188
\l__sort_min_int=\count189
\l__sort_top_int=\count190
\l__sort_max_int=\count191
\l__sort_true_max_int=\count192
\l__sort_block_int=\count193
\l__sort_begin_int=\count194
\l__sort_end_int=\count195
\l__sort_A_int=\count196
\l__sort_B_int=\count197
\l__sort_C_int=\count198
\l__tl_analysis_normal_int=\count199
\l__tl_analysis_index_int=\count266
\l__tl_analysis_nesting_int=\count267
\l__tl_analysis_type_int=\count268
\l__regex_internal_a_int=\count269
\l__regex_internal_b_int=\count270
\l__regex_internal_c_int=\count271
\l__regex_balance_int=\count272
\l__regex_group_level_int=\count273
\l__regex_mode_int=\count274
\c__regex_cs_in_class_mode_int=\count275
\c__regex_cs_mode_int=\count276
\l__regex_catcodes_int=\count277
\l__regex_default_catcodes_int=\count278
\c__regex_catcode_L_int=\count279
\c__regex_catcode_O_int=\count280
\c__regex_catcode_A_int=\count281
\c__regex_all_catcodes_int=\count282
\l__regex_show_lines_int=\count283
\l__regex_min_state_int=\count284
\l__regex_max_state_int=\count285
\l__regex_left_state_int=\count286
\l__regex_right_state_int=\count287
\l__regex_capturing_group_int=\count288
\l__regex_min_pos_int=\count289
\l__regex_max_pos_int=\count290
\l__regex_curr_pos_int=\count291
\l__regex_start_pos_int=\count292
\l__regex_success_pos_int=\count293
\l__regex_curr_char_int=\count294
\l__regex_curr_catcode_int=\count295
\l__regex_last_char_int=\count296
\l__regex_case_changed_char_int=\count297
\l__regex_curr_state_int=\count298
\l__regex_step_int=\count299
\l__regex_min_active_int=\count300
\l__regex_max_active_int=\count301
\l__regex_replacement_csnames_int=\count302
\l__regex_match_count_int=\count303
\l__regex_min_submatch_int=\count304
\l__regex_submatch_int=\count305
\l__regex_zeroth_submatch_int=\count306
\g__regex_trace_regex_int=\count307
\c_empty_box=\box64
\l_tmpa_box=\box65
\l_tmpb_box=\box66
\g_tmpa_box=\box67
\g_tmpb_box=\box68
\l__box_top_dim=\dimen159
\l__box_bottom_dim=\dimen160
\l__box_left_dim=\dimen161
\l__box_right_dim=\dimen162
\l__box_top_new_dim=\dimen163
\l__box_bottom_new_dim=\dimen164
\l__box_left_new_dim=\dimen165
\l__box_right_new_dim=\dimen166
\l__box_internal_box=\box69
\l__coffin_internal_box=\box70
\l__coffin_internal_dim=\dimen167
\l__coffin_offset_x_dim=\dimen168
\l__coffin_offset_y_dim=\dimen169
\l__coffin_x_dim=\dimen170
\l__coffin_y_dim=\dimen171
\l__coffin_x_prime_dim=\dimen172
\l__coffin_y_prime_dim=\dimen173
\c_empty_coffin=\box71
\l__coffin_aligned_coffin=\box72
\l__coffin_aligned_internal_coffin=\box73
\l_tmpa_coffin=\box74
\l_tmpb_coffin=\box75
\l__coffin_display_coffin=\box76
\l__coffin_display_coord_coffin=\box77
\l__coffin_display_pole_coffin=\box78
\l__coffin_display_offset_dim=\dimen174
\l__coffin_display_x_dim=\dimen175
\l__coffin_display_y_dim=\dimen176
\g__file_internal_ior=\read1
\l__coffin_bounding_shift_dim=\dimen177
\l__coffin_left_corner_dim=\dimen178
\l__coffin_right_corner_dim=\dimen179
\l__coffin_bottom_corner_dim=\dimen180
\l__coffin_top_corner_dim=\dimen181
\l__coffin_scaled_total_height_dim=\dimen182
\l__coffin_scaled_width_dim=\dimen183
)
(/mnt/F/Rahati/manjaro/Programs/texlive/2018/texmf-dist/tex/latex/l3kernel/l3xd
vipdfmx.def
File: l3xdvidpfmx.def 2018-09-24 v L3 Experimental driver: xdvipdfmx
\g__driver_image_int=\count308
\g__driver_pdf_object_int=\count309
))
Package: xparse 2018-09-24 L3 Experimental document command parser
\l__xparse_current_arg_int=\count310
\g__xparse_grabber_int=\count311
\l__xparse_m_args_int=\count312
\l__xparse_mandatory_args_int=\count313
\l__xparse_v_nesting_int=\count314
)
Package: fontspec 2018/07/30 vv2.6h Font selection for XeLaTeX and LuaLaTeX

(/mnt/F/Rahati/manjaro/Programs/texlive/2018/texmf-dist/tex/latex/fontspec/font
spec-xetex.sty
Package: fontspec-xetex 2018/07/30 vv2.6h Font selection for XeLaTeX and LuaLaT
eX
\l__fontspec_script_int=\count315
\l__fontspec_language_int=\count316
\l__fontspec_strnum_int=\count317
\l__fontspec_tmp_int=\count318
\l__fontspec_em_int=\count319
\l__fontspec_emdef_int=\count320
\l__fontspec_strong_int=\count321
\l__fontspec_strongdef_int=\count322
\l__fontspec_tmpa_dim=\dimen184
\l__fontspec_tmpb_dim=\dimen185
\l__fontspec_tmpc_dim=\dimen186

(/mnt/F/Rahati/manjaro/Programs/texlive/2018/texmf-dist/tex/latex/base/fontenc.
sty
Package: fontenc 2017/04/05 v2.0i Standard LaTeX package

(/mnt/F/Rahati/manjaro/Programs/texlive/2018/texmf-dist/tex/latex/base/tuenc.de
f
File: tuenc.def 2017/04/05 v2.0i Standard LaTeX file
LaTeX Font Info:    Redeclaring font encoding TU on input line 82.
))
.................................................
. LaTeX info: "xparse/define-command"
. 
. Defining command \fontspec with sig. 'O{}mO{}' on line 561.
.................................................
.................................................
. LaTeX info: "xparse/define-command"
. 
. Defining command \setmainfont with sig. 'O{}mO{}' on line 566.
.................................................
.................................................
. LaTeX info: "xparse/define-command"
. 
. Defining command \setsansfont with sig. 'O{}mO{}' on line 571.
.................................................
.................................................
. LaTeX info: "xparse/define-command"
. 
. Defining command \setmonofont with sig. 'O{}mO{}' on line 576.
.................................................
.................................................
. LaTeX info: "xparse/define-command"
. 
. Defining command \setmathrm with sig. 'O{}mO{}' on line 580.
.................................................
.................................................
. LaTeX info: "xparse/define-command"
. 
. Defining command \setboldmathrm with sig. 'O{}mO{}' on line 584.
.................................................
.................................................
. LaTeX info: "xparse/define-command"
. 
. Defining command \setmathsf with sig. 'O{}mO{}' on line 588.
.................................................
.................................................
. LaTeX info: "xparse/define-command"
. 
. Defining command \setmathtt with sig. 'O{}mO{}' on line 592.
.................................................
.................................................
. LaTeX info: "xparse/define-command"
. 
. Defining command \setromanfont with sig. 'O{}mO{}' on line 596.
.................................................
.................................................
. LaTeX info: "xparse/define-command"
. 
. Defining command \newfontfamily with sig. 'mO{}mO{}' on line 600.
.................................................
.................................................
. LaTeX info: "xparse/define-command"
. 
. Defining command \renewfontfamily with sig. 'mO{}mO{}' on line 604.
.................................................
.................................................
. LaTeX info: "xparse/define-command"
. 
. Defining command \setfontfamily with sig. 'mO{}mO{}' on line 608.
.................................................
.................................................
. LaTeX info: "xparse/define-command"
. 
. Defining command \newfontface with sig. 'mO{}mO{}' on line 612.
.................................................
.................................................
. LaTeX info: "xparse/define-command"
. 
. Defining command \defaultfontfeatures with sig. 't+om' on line 619.
.................................................
.................................................
. LaTeX info: "xparse/define-command"
. 
. Defining command \addfontfeatures with sig. 'm' on line 623.
.................................................
.................................................
. LaTeX info: "xparse/define-command"
. 
. Defining command \addfontfeature with sig. 'm' on line 627.
.................................................
.................................................
. LaTeX info: "xparse/define-command"
. 
. Defining command \newfontfeature with sig. 'mm' on line 631.
.................................................
.................................................
. LaTeX info: "xparse/define-command"
. 
. Defining command \newAATfeature with sig. 'mmmm' on line 635.
.................................................
.................................................
. LaTeX info: "xparse/define-command"
. 
. Defining command \newopentypefeature with sig. 'mmm' on line 639.
.................................................
.................................................
. LaTeX info: "xparse/define-command"
. 
. Defining command \newICUfeature with sig. 'mmm' on line 643.
.................................................
.................................................
. LaTeX info: "xparse/define-command"
. 
. Defining command \aliasfontfeature with sig. 'mm' on line 647.
.................................................
.................................................
. LaTeX info: "xparse/define-command"
. 
. Defining command \aliasfontfeatureoption with sig. 'mmm' on line 651.
.................................................
.................................................
. LaTeX info: "xparse/define-command"
. 
. Defining command \newfontscript with sig. 'mm' on line 655.
.................................................
.................................................
. LaTeX info: "xparse/define-command"
. 
. Defining command \newfontlanguage with sig. 'mm' on line 659.
.................................................
.................................................
. LaTeX info: "xparse/define-command"
. 
. Defining command \DeclareFontExtensions with sig. 'm' on line 663.
.................................................
.................................................
. LaTeX info: "xparse/define-command"
. 
. Defining command \IfFontFeatureActiveTF with sig. 'mmm' on line 667.
.................................................
.................................................
. LaTeX info: "xparse/define-command"
. 
. Defining command \EncodingCommand with sig. 'mO{}m' on line 3655.
.................................................
.................................................
. LaTeX info: "xparse/define-command"
. 
. Defining command \EncodingAccent with sig. 'mm' on line 3661.
.................................................
.................................................
. LaTeX info: "xparse/define-command"
. 
. Defining command \EncodingSymbol with sig. 'mm' on line 3667.
.................................................
.................................................
. LaTeX info: "xparse/define-command"
. 
. Defining command \EncodingComposite with sig. 'mmm' on line 3673.
.................................................
.................................................
. LaTeX info: "xparse/define-command"
. 
. Defining command \EncodingCompositeCommand with sig. 'mmm' on line 3679.
.................................................
.................................................
. LaTeX info: "xparse/define-command"
. 
. Defining command \DeclareUnicodeEncoding with sig. 'mm' on line 3704.
.................................................
.................................................
. LaTeX info: "xparse/define-command"
. 
. Defining command \UndeclareSymbol with sig. 'm' on line 3710.
.................................................
.................................................
. LaTeX info: "xparse/define-command"
. 
. Defining command \UndeclareAccent with sig. 'm' on line 3716.
.................................................
.................................................
. LaTeX info: "xparse/define-command"
. 
. Defining command \UndeclareCommand with sig. 'm' on line 3722.
.................................................
.................................................
. LaTeX info: "xparse/define-command"
. 
. Defining command \UndeclareComposite with sig. 'mm' on line 3729.
.................................................

(/mnt/F/Rahati/manjaro/Programs/texlive/2018/texmf-dist/tex/latex/fontspec/font
spec.cfg)
LaTeX Info: Redefining \itshape on input line 3910.
LaTeX Info: Redefining \slshape on input line 3915.
LaTeX Info: Redefining \scshape on input line 3920.
LaTeX Info: Redefining \upshape on input line 3925.
LaTeX Info: Redefining \em on input line 3955.
LaTeX Info: Redefining \emph on input line 3980.
LaTeX Info: Redefining \- on input line 4034.
.................................................
. LaTeX info: "xparse/redefine-command"
. 
. Redefining command \oldstylenums with sig. 'm' on line 4129.
.................................................
.................................................
. LaTeX info: "xparse/define-command"
. 
. Defining command \liningnums with sig. 'm' on line 4133.
.................................................
))
(/mnt/F/Rahati/manjaro/Programs/texlive/2018/texmf-dist/tex/xelatex/xepersian/x
epersian-persiancal.sty
Package: xepersian-persiancal 2012/07/25 v0.2 provides Persian calendar
\XePersian@i=\count323
\XePersian@y=\count324
\XePersian@m=\count325
\XePersian@d=\count326
\XePersian@latini=\count327
\XePersian@persiani=\count328
\XePersian@latinii=\count329
\XePersian@persianii=\count330
\XePersian@latiniii=\count331
\XePersian@persianiii=\count332
\XePersian@latiniv=\count333
\XePersian@persianiv=\count334
\XePersian@latinv=\count335
\XePersian@persianv=\count336
\XePersian@latinvi=\count337
\XePersian@persianvi=\count338
\XePersian@latinvii=\count339
\XePersian@persianvii=\count340
\XePersian@latinviii=\count341
\XePersian@persianviii=\count342
\XePersian@latinix=\count343
\XePersian@persianix=\count344
\XePersian@latinx=\count345
\XePersian@persianx=\count346
\XePersian@latinxi=\count347
\XePersian@persianxi=\count348
\XePersian@latinxii=\count349
\XePersian@persianxii=\count350
\XePersian@persianxiii=\count351
\XePersian@temp=\count352
\XePersian@temptwo=\count353
\XePersian@tempthree=\count354
\XePersian@yModHundred=\count355
\XePersian@thirtytwo=\count356
\XePersian@dn=\count357
\XePersian@sn=\count358
\XePersian@mminusone=\count359
)
(/mnt/F/Rahati/manjaro/Programs/texlive/2018/texmf-dist/tex/xelatex/xepersian/x
epersian-mathsdigitspec.sty
Package: xepersian-mathsdigitspec 2018/01/01 v1.1.5 Unicode Persian maths digit
s in XeLaTeX
.................................................
. LaTeX info: "xparse/define-command"
. 
. Defining command \new@mathbf with sig. 'm' on line 132.
.................................................
.................................................
. LaTeX info: "xparse/define-command"
. 
. Defining command \new@mathit with sig. 'm' on line 140.
.................................................
.................................................
. LaTeX info: "xparse/define-command"
. 
. Defining command \new@mathrm with sig. 'm' on line 148.
.................................................
.................................................
. LaTeX info: "xparse/define-command"
. 
. Defining command \new@mathsf with sig. 'm' on line 156.
.................................................
.................................................
. LaTeX info: "xparse/define-command"
. 
. Defining command \new@mathtt with sig. 'm' on line 164.
.................................................
.................................................
. LaTeX info: "xparse/define-command"
. 
. Defining command \setmathdigitfont with sig. 'O{}mO{}' on line 169.
.................................................
.................................................
. LaTeX info: "xparse/define-command"
. 
. Defining command \setmathsfdigitfont with sig. 'O{}mO{}' on line 203.
.................................................
.................................................
. LaTeX info: "xparse/define-command"
. 
. Defining command \setmathttdigitfont with sig. 'O{}mO{}' on line 217.
.................................................
)
(/mnt/F/Rahati/manjaro/Programs/texlive/2018/texmf-dist/tex/xelatex/bidi/bidi.s
ty
Package: bidi 2018/09/29 v34.0 Bidirectional typesetting in plain TeX and LaTeX


****************************************************
* 
* bidi package (Bidirectional typesetting in
* plain TeX and LaTeX, using XeTeX engine)
* 
* Description: A convenient interface for
* typesetting bidirectional texts in plain TeX
* and LaTeX. The package includes adaptations
* for use with many other commonly-used packages.
* 
* Copyright (c) 2009--2018 Vafa Khalighi
* 
* v34.0, 2018/09/29
* 
* License: LaTeX Project Public License, version
* 1.3c or higher (your choice)
* 
* Location on CTAN: /macros/xetex/latex/bidi
* 
* Issue tracker: https://sourceforge.net/p/persian-tex-dist/tickets
* 
* Support: https://lists.sourceforge.net/lists/listinfo/persian-tex-dist-discus
s
* 
****************************************************

(/mnt/F/Rahati/manjaro/Programs/texlive/2018/texmf-dist/tex/generic/iftex/iftex
.sty
Package: iftex 2013/04/04 v0.2 Provides if(tex) conditional for PDFTeX, XeTeX, 
and LuaTeX
)
(/mnt/F/Rahati/manjaro/Programs/texlive/2018/texmf-dist/tex/xelatex/bidi/bidito
ols.sty
Package: biditools 2018/02/22 v1.4 Programming tools for bidi package
\@bidi@envbody=\toks43
\@bidi@emptytoks=\toks44
\bidi@tempcountb=\count360
\bidi@temptoksa=\toks45
\bidi@temptoksb=\toks46
\bidi@dummies=\count361
\bidi@are@these@correct=\toks47
\bidi@toks@lista=\toks48
\bidi@toks@listb=\toks49
\bidi@stack@length=\count362
\bidi@empty@stack=\toks50
\bidi@looprepeat@depth=\count363
)
\@bidi@copyins@=\insert252

(/mnt/F/Rahati/manjaro/Programs/texlive/2018/texmf-dist/tex/xelatex/bidi/latex-
xetex-bidi.def
File: latex-xetex-bidi.def 2018/09/23 v1.3.5 bidi adaptations for `latex.ltx' f
or XeTeX engine
\bidi@n@everypar=\toks51
\bidi@column@check@number=\count364

(/mnt/F/Rahati/manjaro/Programs/texlive/2018/texmf-dist/tex/xelatex/bidi/footno
te-xetex-bidi.def
File: footnote-xetex-bidi.def 2017/08/09 v1.1 bidi footnote macros for XeTeX en
gine
\c@footdir@label=\count365
\footdir@toks=\toks52
)
(/mnt/F/Rahati/manjaro/Programs/texlive/2018/texmf-dist/tex/xelatex/bidi/book-x
etex-bidi.def
File: book-xetex-bidi.def 2017/06/09 v1.0 bidi adaptations for standard book cl
ass for XeTeX engine
)
(/mnt/F/Rahati/manjaro/Programs/texlive/2018/texmf-dist/tex/xelatex/bidi/amsmat
h-xetex-bidi.def
File: amsmath-xetex-bidi.def 2018/01/08 v1.1 bidi adaptations for amsmath packa
ge for XeTeX engine
)
(/mnt/F/Rahati/manjaro/Programs/texlive/2018/texmf-dist/tex/xelatex/bidi/amstex
t-xetex-bidi.def
File: amstext-xetex-bidi.def 2016/09/12 v0.2 bidi adaptations for amstext packa
ge for XeTeX engine
)
(/mnt/F/Rahati/manjaro/Programs/texlive/2018/texmf-dist/tex/xelatex/bidi/amsthm
-xetex-bidi.def
File: amsthm-xetex-bidi.def 2010/07/25 v0.1 bidi adaptations for amsthm package
 for XeTeX engine
)
(/mnt/F/Rahati/manjaro/Programs/texlive/2018/texmf-dist/tex/xelatex/bidi/color-
xetex-bidi.def
File: color-xetex-bidi.def 2013/04/08 v0.2 bidi adaptations for color package f
or XeTeX engine
LaTeX Info: Redefining \color on input line 46.
)
(/mnt/F/Rahati/manjaro/Programs/texlive/2018/texmf-dist/tex/xelatex/bidi/xcolor
-xetex-bidi.def
File: xcolor-xetex-bidi.def 2013/04/08 v0.2 bidi adaptations for xcolor package
 for XeTeX engine
LaTeX Info: Redefining \color on input line 45.
LaTeX Info: Redefining \bidicolor on input line 88.
)
(/mnt/F/Rahati/manjaro/Programs/texlive/2018/texmf-dist/tex/xelatex/bidi/float-
xetex-bidi.def
File: float-xetex-bidi.def 2013/04/04 v0.2 bidi adaptations for float package f
or XeTeX engine
)
(/mnt/F/Rahati/manjaro/Programs/texlive/2018/texmf-dist/tex/xelatex/bidi/graphi
cx-xetex-bidi.def
File: graphicx-xetex-bidi.def 2017/06/17 v0.5 bidi adaptations for graphicx pac
kage for XeTeX engine
)
(/mnt/F/Rahati/manjaro/Programs/texlive/2018/texmf-dist/tex/xelatex/bidi/geomet
ry-xetex-bidi.def
File: geometry-xetex-bidi.def 2017/01/14 v0.2 bidi adaptations for geometry pac
kage for XeTeX engine
)
(/mnt/F/Rahati/manjaro/Programs/texlive/2018/texmf-dist/tex/xelatex/bidi/longta
ble-xetex-bidi.def
File: longtable-xetex-bidi.def 2016/09/09 v0.4 bidi adaptations for longtable p
ackage for XeTeX engine
)
(/mnt/F/Rahati/manjaro/Programs/texlive/2018/texmf-dist/tex/xelatex/bidi/hyperr
ef-xetex-bidi.def
File: hyperref-xetex-bidi.def 2017/08/09 v1.0 bidi adaptations for hyperref pac
kage for XeTeX engine
)
(/mnt/F/Rahati/manjaro/Programs/texlive/2018/texmf-dist/tex/xelatex/bidi/fancyh
dr-xetex-bidi.def
File: fancyhdr-xetex-bidi.def 2018/02/15 v0.7 bidi adaptations for fancyhdr pac
kage for XeTeX engine
)
(/mnt/F/Rahati/manjaro/Programs/texlive/2018/texmf-dist/tex/xelatex/bidi/array-
xetex-bidi.def
File: array-xetex-bidi.def 2015/11/07 v0.3 bidi adaptations for array package f
or XeTeX engine
)
(/mnt/F/Rahati/manjaro/Programs/texlive/2018/texmf-dist/tex/xelatex/bidi/multic
ol-xetex-bidi.def
File: multicol-xetex-bidi.def 2018/09/26 v1.0 bidi adaptations for multicol pac
kage for XeTeX engine
)
(/mnt/F/Rahati/manjaro/Programs/texlive/2018/texmf-dist/tex/xelatex/bidi/tocbib
ind-xetex-bidi.def
File: tocbibind-xetex-bidi.def 2017/06/09 v0.4 bidi adaptations for tocbibind p
ackage for XeTeX engine
))
(/mnt/F/Rahati/manjaro/Programs/texlive/2018/texmf-dist/tex/xelatex/bidi/loadin
gorder-xetex-bidi.def
File: loadingorder-xetex-bidi.def 2017/12/29 v0.97 making sure that bidi is the
 last package loaded
)
\bidi@digits=\count366
\bidi@digits@charclass=\XeTeXcharclass1
\bidi@sepmark@charclass=\XeTeXcharclass2
)
****************************************************
* 
* xepersian package (Persian for LaTeX, using XeTeX engine)
* 
* Description: The package supports Persian
* typesetting, using fonts provided in the
* distribution.
* 
* Copyright (c) 2008--2018 Vafa Khalighi
* 
* v21.5, 2018/09/29
* 
* License: LaTeX Project Public License, version
* 1.3c or higher (your choice)
* 
* Location on CTAN: /macros/xetex/latex/xepersian
* 
* Issue tracker: https://sourceforge.net/p/persian-tex-dist/tickets
* 
* Support: https://lists.sourceforge.net/lists/listinfo/persian-tex-dist-discus
s
* 
****************************************************
.................................................
. LaTeX info: "xparse/define-command"
. 
. Defining command \settextfont with sig. 'O{}mO{}' on line 126.
.................................................
.................................................
. LaTeX info: "xparse/define-command"
. 
. Defining command \settextdigitfont with sig. 'O{}mO{}' on line 150.
.................................................
.................................................
. LaTeX info: "xparse/define-command"
. 
. Defining command \setdigitfont with sig. 'O{}mO{}' on line 193.
.................................................
.................................................
. LaTeX info: "xparse/define-command"
. 
. Defining command \setlatintextfont with sig. 'O{}mO{}' on line 199.
.................................................
.................................................
. LaTeX info: "xparse/define-command"
. 
. Defining command \defpersianfont with sig. 'mO{}mO{}' on line 225.
.................................................
.................................................
. LaTeX info: "xparse/define-command"
. 
. Defining command \redefpersianfont with sig. 'mO{}mO{}' on line 230.
.................................................
.................................................
. LaTeX info: "xparse/define-command"
. 
. Defining command \deflatinfont with sig. 'mO{}mO{}' on line 249.
.................................................
.................................................
. LaTeX info: "xparse/define-command"
. 
. Defining command \redeflatinfont with sig. 'mO{}mO{}' on line 254.
.................................................
.................................................
. LaTeX info: "xparse/define-command"
. 
. Defining command \setpersiansansfont with sig. 'O{}mO{}' on line 304.
.................................................
.................................................
. LaTeX info: "xparse/define-command"
. 
. Defining command \setpersianmonofont with sig. 'O{}mO{}' on line 328.
.................................................
.................................................
. LaTeX info: "xparse/define-command"
. 
. Defining command \setnavarfont with sig. 'O{}mO{}' on line 352.
.................................................
.................................................
. LaTeX info: "xparse/define-command"
. 
. Defining command \setpookfont with sig. 'O{}mO{}' on line 376.
.................................................
.................................................
. LaTeX info: "xparse/define-command"
. 
. Defining command \setsayehfont with sig. 'O{}mO{}' on line 400.
.................................................
.................................................
. LaTeX info: "xparse/define-command"
. 
. Defining command \setiranicfont with sig. 'O{}mO{}' on line 424.
.................................................
\xepersian@tcl=\count367
\xepersian@ilg=\dimen187
\xepersian@strutilg=\dimen188

(/mnt/F/Rahati/manjaro/Programs/texlive/2018/texmf-dist/tex/xelatex/xepersian/l
oadingorder-xepersian.def
File: loadingorder-xepersian.def 2018/09/29 v0.5 making sure that xepersian is 
the last package loaded
)
(/mnt/F/Rahati/manjaro/Programs/texlive/2018/texmf-dist/tex/xelatex/xepersian/f
ootnote-xepersian.def
File: footnote-xepersian.def 2017/08/09 v0.6 footnote macros for xepersian pack
age
)
(/mnt/F/Rahati/manjaro/Programs/texlive/2018/texmf-dist/tex/xelatex/xepersian/g
lossaries-xepersian.def
File: glossaries-xepersian.def 2014/09/04 v0.4 xepersian adaptations for glossa
ries package for XeTeX engine
)
(/mnt/F/Rahati/manjaro/Programs/texlive/2018/texmf-dist/tex/xelatex/xepersian/h
yperref-xepersian.def
File: hyperref-xepersian.def 2015/02/02 v0.6 bilingual captions for hyperref pa
ckage
)
(/mnt/F/Rahati/manjaro/Programs/texlive/2018/texmf-dist/tex/xelatex/xepersian/b
ook-xepersian.def
File: book-xepersian.def 2010/07/25 v0.2 adaptations for standard book class
)
.................................................
. fontspec info: "defining-font"
. 
. Font family 'lmroman10-regular(0)' created for font 'lmroman10-regular' with
. options
. [Mapping=tex-text,ExternalLocation,BoldFont={lmroman10-bold},BoldItalicFont={
lmroman10-bolditalic},ItalicFont={lmroman10-italic},SmallCapsFont={lmromancaps1
0-regular},SlantedFont={lmromanslant10-regular},BoldSlantedFont={lmromanslant10
-bold}].
.  
.  This font family consists of the following NFSS series/shapes:
.  
. - 'normal' (m/n) with NFSS spec.:
. <->"[lmroman10-regular]/OT:script=latn;language=DFLT;mapping=tex-text;"
. - 'small caps'  (m/sc) with NFSS spec.:
. <->"[lmromancaps10-regular]/OT:script=latn;language=DFLT;mapping=tex-text;"
. - 'bold' (bx/n) with NFSS spec.:
. <->"[lmroman10-bold]/OT:script=latn;language=DFLT;mapping=tex-text;"
. - 'bold small caps'  (bx/sc) with NFSS spec.:
. <->"[lmromancaps10-regular]/OT:script=latn;language=DFLT;mapping=tex-text;"
. - 'italic' (m/it) with NFSS spec.:
. <->"[lmroman10-italic]/OT:script=latn;language=DFLT;mapping=tex-text;"
. - 'italic small caps'  (m/itsc) with NFSS spec.:
. <->"[lmromancaps10-regular]/OT:script=latn;language=DFLT;mapping=tex-text;"
. - 'slanted' (m/sl) with NFSS spec.:
. <->"[lmromanslant10-regular]/OT:script=latn;language=DFLT;mapping=tex-text;"
. - 'slanted small caps'  (m/slsc) with NFSS spec.:
. <->"[lmromancaps10-regular]/OT:script=latn;language=DFLT;mapping=tex-text;"
. - 'bold italic' (bx/it) with NFSS spec.:
. <->"[lmroman10-bolditalic]/OT:script=latn;language=DFLT;mapping=tex-text;"
. - 'bold italic small caps'  (bx/itsc) with NFSS spec.:
. <->"[lmromancaps10-regular]/OT:script=latn;language=DFLT;mapping=tex-text;"
. - 'bold slanted' (bx/sl) with NFSS spec.:
. <->"[lmromanslant10-bold]/OT:script=latn;language=DFLT;mapping=tex-text;"
. - 'bold slanted small caps'  (bx/slsc) with NFSS spec.:
. <->"[lmromancaps10-regular]/OT:script=latn;language=DFLT;mapping=tex-text;"
.................................................
)
.................................................
. fontspec info: "defining-font"
. 
. Font family 'Yas(0)' created for font 'Yas' with options
. [Script=Parsi,Language=Parsi,Mapping=parsidigits,Scale=1.1].
.  
.  This font family consists of the following NFSS series/shapes:
.  
. - 'normal' (m/n) with NFSS spec.:
. <->s*[1.1]"Yas/OT:script=arab;language=FAR;mapping=parsidigits;"
. - 'small caps'  (m/sc) with NFSS spec.: 
. - 'bold' (bx/n) with NFSS spec.:
. <->s*[1.1]"Yas/B/OT:script=arab;language=FAR;mapping=parsidigits;"
. - 'bold small caps'  (bx/sc) with NFSS spec.: 
. - 'italic' (m/it) with NFSS spec.:
. <->s*[1.1]"Yas/I/OT:script=arab;language=FAR;mapping=parsidigits;"
. - 'italic small caps'  (m/itsc) with NFSS spec.: 
. - 'bold italic' (bx/it) with NFSS spec.:
. <->s*[1.1]"Yas/BI/OT:script=arab;language=FAR;mapping=parsidigits;"
. - 'bold italic small caps'  (bx/itsc) with NFSS spec.: 
.................................................
LaTeX Font Info:    Font shape `TU/Yas(0)/m/n' will be
(Font)              scaled to size 12.04506pt on input line 11.

*************************************************
* fontspec warning: "language-not-exist"
* 
* Language 'Parsi' not available for font 'B Nazanin' with script 'Parsi'.
*  'Default' language used instead.
*************************************************
.................................................
. fontspec info: "no-font-shape"
. 
. Could not resolve font "B Nazanin/I" (it probably doesn't exist).
.................................................
.................................................
. fontspec info: "defining-font"
. 
. Font family 'BNazanin(0)' created for font 'B Nazanin' with options
. [Script=Parsi,Language=Parsi,Mapping=parsidigits,Scale=1.2].
.  
.  This font family consists of the following NFSS series/shapes:
.  
. - 'normal' (m/n) with NFSS spec.: <->s*[1.2]"B
. Nazanin/OT:script=arab;language=DFLT;mapping=parsidigits;"
. - 'small caps'  (m/sc) with NFSS spec.: 
. - 'bold' (bx/n) with NFSS spec.: <->s*[1.2]"B
. Nazanin/B/OT:script=arab;language=DFLT;mapping=parsidigits;"
. - 'bold small caps'  (bx/sc) with NFSS spec.: 
. - 'bold italic' (bx/it) with NFSS spec.: <->s*[1.2]"B
. Nazanin/BI/OT:script=arab;language=DFLT;mapping=parsidigits;"
. - 'bold italic small caps'  (bx/itsc) with NFSS spec.: 
.................................................
.................................................
. LaTeX info: "xparse/define-command"
. 
. Defining command \minutesfont with sig. '' on line 12.
.................................................
.................................................
. fontspec info: "defining-font"
. 
. Font family 'TimesNewRoman(0)' created for font 'Times New Roman' with
. options [Mapping=tex-text].
.  
.  This font family consists of the following NFSS series/shapes:
.  
. - 'normal' (m/n) with NFSS spec.: <->"Times New
. Roman/OT:script=latn;language=DFLT;mapping=tex-text;"
. - 'small caps'  (m/sc) with NFSS spec.: <->"Times New
. Roman/OT:script=latn;language=DFLT;+smcp;mapping=tex-text;"
. - 'bold' (bx/n) with NFSS spec.: <->"Times New
. Roman/B/OT:script=latn;language=DFLT;mapping=tex-text;"
. - 'bold small caps'  (bx/sc) with NFSS spec.: <->"Times New
. Roman/B/OT:script=latn;language=DFLT;+smcp;mapping=tex-text;"
. - 'italic' (m/it) with NFSS spec.: <->"Times New
. Roman/I/OT:script=latn;language=DFLT;mapping=tex-text;"
. - 'italic small caps'  (m/itsc) with NFSS spec.: <->"Times New
. Roman/I/OT:script=latn;language=DFLT;+smcp;mapping=tex-text;"
. - 'bold italic' (bx/it) with NFSS spec.: <->"Times New
. Roman/BI/OT:script=latn;language=DFLT;mapping=tex-text;"
. - 'bold italic small caps'  (bx/itsc) with NFSS spec.: <->"Times New
. Roman/BI/OT:script=latn;language=DFLT;+smcp;mapping=tex-text;"
.................................................
LaTeX Info: Redefining \latinfont on input line 13.
.................................................
. fontspec info: "defining-font"
. 
. Font family 'Yas(1)' created for font 'Yas' with options
. [Script=Parsi,Language=Parsi,Mapping=parsidigits,Scale=1].
.  
.  This font family consists of the following NFSS series/shapes:
.  
. - 'normal' (m/n) with NFSS spec.:
. <->s*[1]"Yas/OT:script=arab;language=FAR;mapping=parsidigits;"
. - 'small caps'  (m/sc) with NFSS spec.: 
. - 'bold' (bx/n) with NFSS spec.:
. <->s*[1]"Yas/B/OT:script=arab;language=FAR;mapping=parsidigits;"
. - 'bold small caps'  (bx/sc) with NFSS spec.: 
. - 'italic' (m/it) with NFSS spec.:
. <->s*[1]"Yas/I/OT:script=arab;language=FAR;mapping=parsidigits;"
. - 'italic small caps'  (m/itsc) with NFSS spec.: 
. - 'bold italic' (bx/it) with NFSS spec.:
. <->s*[1]"Yas/BI/OT:script=arab;language=FAR;mapping=parsidigits;"
. - 'bold italic small caps'  (bx/itsc) with NFSS spec.: 
.................................................
.................................................
. fontspec info: "defining-font"
. 
. Font family 'Yas(2)' created for font 'Yas' with options
. [Mapping=parsidigits,Scale=1].
.  
.  This font family consists of the following NFSS series/shapes:
.  
. - 'normal' (m/n) with NFSS spec.:
. <->s*[1]"Yas/OT:script=latn;language=DFLT;mapping=parsidigits;"
. - 'small caps'  (m/sc) with NFSS spec.: 
. - 'bold' (bx/n) with NFSS spec.:
. <->s*[1]"Yas/B/OT:script=latn;language=DFLT;mapping=parsidigits;"
. - 'bold small caps'  (bx/sc) with NFSS spec.: 
. - 'italic' (m/it) with NFSS spec.:
. <->s*[1]"Yas/I/OT:script=latn;language=DFLT;mapping=parsidigits;"
. - 'italic small caps'  (m/itsc) with NFSS spec.: 
. - 'bold italic' (bx/it) with NFSS spec.:
. <->s*[1]"Yas/BI/OT:script=latn;language=DFLT;mapping=parsidigits;"
. - 'bold italic small caps'  (bx/itsc) with NFSS spec.: 
.................................................
Package xepersian-mathsdigitspec Info: DefiningthedefaultPersianmathsdigitsfont
as'Yas' on input line 15.
\symOPERATORS=\mathgroup6
\symnew@mathbf@font@digits=\mathgroup7
\symnew@mathit@font@digits=\mathgroup8
\symnew@mathrm@font@digits=\mathgroup9

LaTeX Warning: Unused global option(s):
    [msc].

(./Result.aux)
\openout1 = `Result.aux'.

LaTeX Font Info:    Checking defaults for OML/cmm/m/it on input line 19.
LaTeX Font Info:    ... okay on input line 19.
LaTeX Font Info:    Checking defaults for T1/cmr/m/n on input line 19.
LaTeX Font Info:    ... okay on input line 19.
LaTeX Font Info:    Checking defaults for OT1/cmr/m/n on input line 19.
LaTeX Font Info:    ... okay on input line 19.
LaTeX Font Info:    Checking defaults for OMS/cmsy/m/n on input line 19.
LaTeX Font Info:    ... okay on input line 19.
LaTeX Font Info:    Checking defaults for TU/lmr/m/n on input line 19.
LaTeX Font Info:    ... okay on input line 19.
LaTeX Font Info:    Checking defaults for OMX/cmex/m/n on input line 19.
LaTeX Font Info:    ... okay on input line 19.
LaTeX Font Info:    Checking defaults for U/cmr/m/n on input line 19.
LaTeX Font Info:    ... okay on input line 19.
LaTeX Font Info:    Checking defaults for PD1/pdf/m/n on input line 19.
LaTeX Font Info:    ... okay on input line 19.
LaTeX Font Info:    Checking defaults for PU/pdf/m/n on input line 19.
LaTeX Font Info:    ... okay on input line 19.

*geometry* driver: auto-detecting
*geometry* detected driver: xetex
*geometry* verbose mode - [ preamble ] result:
* driver: xetex
* paper: <default>
* layout: <same size as paper>
* layoutoffset:(h,v)=(0.0pt,0.0pt)
* modes: twoside 
* h-part:(L,W,R)=(113.81102pt, 412.56497pt, 71.13188pt)
* v-part:(T,H,B)=(85.35826pt, 688.5567pt, 71.13188pt)
* \paperwidth=597.50787pt
* \paperheight=845.04684pt
* \textwidth=412.56497pt
* \textheight=688.5567pt
* \oddsidemargin=41.54103pt
* \evensidemargin=-1.1381pt
* \topmargin=-18.78552pt
* \headheight=12.0pt
* \headsep=19.8738pt
* \topskip=11.0pt
* \footskip=42.67914pt
* \marginparwidth=106.0pt
* \marginparsep=7.0pt
* \columnsep=10.0pt
* \skip\footins=10.0pt plus 4.0pt minus 2.0pt
* \hoffset=0.0pt
* \voffset=0.0pt
* \mag=1000
* \@twocolumnfalse
* \@twosidetrue
* \@mparswitchtrue
* \@reversemarginfalse
* (1in=72.27pt=25.4mm, 1cm=28.453pt)

\AtBeginShipoutBox=\box79
Package hyperref Info: Link coloring OFF on input line 19.

(/mnt/F/Rahati/manjaro/Programs/texlive/2018/texmf-dist/tex/latex/hyperref/name
ref.sty
Package: nameref 2016/05/21 v2.44 Cross-referencing by name of section

(/mnt/F/Rahati/manjaro/Programs/texlive/2018/texmf-dist/tex/generic/oberdiek/ge
ttitlestring.sty
Package: gettitlestring 2016/05/16 v1.5 Cleanup title references (HO)
)
\c@section@level=\count368
)
LaTeX Info: Redefining \ref on input line 19.
LaTeX Info: Redefining \pageref on input line 19.
LaTeX Info: Redefining \nameref on input line 19.
 (./Result.out) (./Result.out)
\@outlinefile=\write10
\openout10 = `Result.out'.

 (./Result.glsdefs)
(./words.tex
\@gls@deffile=\write11
\openout11 = `Result.glsdefs'.

)
 1.

(/mnt/F/Rahati/manjaro/Programs/texlive/2018/texmf-dist/tex/generic/oberdiek/se
-ascii-print.def
File: se-ascii-print.def 2016/05/16 v1.11 stringenc: Printable ASCII characters

)
LaTeX Font Info:    Font shape `TU/Yas(0)/m/n' will be
(Font)              scaled to size 22.81412pt on input line 156.
LaTeX Font Info:    Font shape `TU/Yas(0)/bx/n' will be
(Font)              scaled to size 22.81412pt on input line 156.
LaTeX Font Info:    Font shape `TU/Yas(1)/bx/n' will be
(Font)              scaled to size 20.74pt on input line 156.
LaTeX Font Info:    Font shape `TU/Yas(0)/bx/n' will be
(Font)              scaled to size 27.36815pt on input line 156.
LaTeX Font Info:    Font shape `TU/Yas(0)/m/n' will be
(Font)              scaled to size 27.36815pt on input line 156.
 [1

\openout5 = `Result.xdy'.


]
LaTeX Font Info:    Font shape `TU/Yas(0)/m/n' will be
(Font)              scaled to size 15.84007pt on input line 162.
LaTeX Font Info:    Font shape `TU/Yas(0)/bx/n' will be
(Font)              scaled to size 15.84007pt on input line 162.
LaTeX Font Info:    Font shape `TU/Yas(1)/bx/n' will be
(Font)              scaled to size 14.4pt on input line 162.
LaTeX Font Info:    Try loading font information for U+msa on input line 162.

(/mnt/F/Rahati/manjaro/Programs/texlive/2018/texmf-dist/tex/latex/amsfonts/umsa
.fd
File: umsa.fd 2013/01/14 v3.01 AMS symbols A
)
LaTeX Font Info:    Try loading font information for U+msb on input line 162.

(/mnt/F/Rahati/manjaro/Programs/texlive/2018/texmf-dist/tex/latex/amsfonts/umsb
.fd
File: umsb.fd 2013/01/14 v3.01 AMS symbols B
)
LaTeX Font Info:    Font shape `TU/Yas(2)/m/n' will be
(Font)              scaled to size 14.4pt on input line 162.
LaTeX Font Info:    Font shape `TU/Yas(2)/m/n' will be
(Font)              scaled to size 10.0pt on input line 162.
LaTeX Font Info:    Font shape `TU/Yas(2)/m/n' will be
(Font)              scaled to size 7.0pt on input line 162.
LaTeX Font Info:    Font shape `TU/Yas(2)/bx/n' will be
(Font)              scaled to size 14.4pt on input line 162.
LaTeX Font Info:    Font shape `TU/Yas(2)/bx/n' will be
(Font)              scaled to size 10.0pt on input line 162.
LaTeX Font Info:    Font shape `TU/Yas(2)/bx/n' will be
(Font)              scaled to size 7.0pt on input line 162.
LaTeX Font Info:    Font shape `TU/Yas(2)/m/it' will be
(Font)              scaled to size 14.4pt on input line 162.
LaTeX Font Info:    Font shape `TU/Yas(2)/m/it' will be
(Font)              scaled to size 10.0pt on input line 162.
LaTeX Font Info:    Font shape `TU/Yas(2)/m/it' will be
(Font)              scaled to size 7.0pt on input line 162.
LaTeX Font Info:    Font shape `TU/Yas(0)/m/n' will be
(Font)              scaled to size 11.00006pt on input line 162.
LaTeX Font Info:    Font shape `TU/Yas(1)/m/n' will be
(Font)              scaled to size 10.0pt on input line 162.
LaTeX Font Info:    Font shape `TU/Yas(0)/m/n' will be
(Font)              scaled to size 9.90005pt on input line 162.
LaTeX Font Info:    Font shape `TU/Yas(2)/m/n' will be
(Font)              scaled to size 9.0pt on input line 162.
LaTeX Font Info:    Font shape `TU/Yas(2)/m/n' will be
(Font)              scaled to size 6.0pt on input line 162.
LaTeX Font Info:    Font shape `TU/Yas(2)/m/n' will be
(Font)              scaled to size 5.0pt on input line 162.
LaTeX Font Info:    Font shape `TU/Yas(2)/bx/n' will be
(Font)              scaled to size 9.0pt on input line 162.
LaTeX Font Info:    Font shape `TU/Yas(2)/bx/n' will be
(Font)              scaled to size 6.0pt on input line 162.
LaTeX Font Info:    Font shape `TU/Yas(2)/bx/n' will be
(Font)              scaled to size 5.0pt on input line 162.
LaTeX Font Info:    Font shape `TU/Yas(2)/m/it' will be
(Font)              scaled to size 9.0pt on input line 162.
LaTeX Font Info:    Font shape `TU/Yas(2)/m/it' will be
(Font)              scaled to size 6.0pt on input line 162.
LaTeX Font Info:    Font shape `TU/Yas(2)/m/it' will be
(Font)              scaled to size 5.0pt on input line 162.


Package hyperref Warning: Token not allowed in a PDF string (Unicode):
(hyperref)                removing `\gls' on input line 162.

File: figures/train/minsupport/pic1.jpg Graphic file (type bmp)
<figures/train/minsupport/pic1.jpg>
LaTeX Font Info:    Font shape `TU/Yas(1)/m/n' will be
(Font)              scaled to size 10.95pt on input line 162.
File: figures/train/minsupport/pic2.jpg Graphic file (type bmp)
<figures/train/minsupport/pic2.jpg>
LaTeX Font Info:    Font shape `TU/Yas(2)/m/n' will be
(Font)              scaled to size 10.95pt on input line 162.
LaTeX Font Info:    Font shape `TU/Yas(2)/m/n' will be
(Font)              scaled to size 8.0pt on input line 162.
LaTeX Font Info:    Font shape `TU/Yas(2)/bx/n' will be
(Font)              scaled to size 10.95pt on input line 162.
LaTeX Font Info:    Font shape `TU/Yas(2)/bx/n' will be
(Font)              scaled to size 8.0pt on input line 162.
LaTeX Font Info:    Font shape `TU/Yas(2)/m/it' will be
(Font)              scaled to size 10.95pt on input line 162.
LaTeX Font Info:    Font shape `TU/Yas(2)/m/it' will be
(Font)              scaled to size 8.0pt on input line 162.
(./figures/train/minsupport/out.tex)
Underfull \vbox (badness 10000) has occurred while \output is active []

 [2]
(./figures/train/minsupport/out2.tex
\s=\count369
\h=\count370
\m=\count371
\s=\count372
\h=\count373
\m=\count374
\s=\count375
\h=\count376
\m=\count377
\s=\count378
\h=\count379
\m=\count380
)

Package hyperref Warning: Token not allowed in a PDF string (Unicode):
(hyperref)                removing `math shift' on input line 163.


Package hyperref Warning: Token not allowed in a PDF string (Unicode):
(hyperref)                removing `\delta' on input line 163.


Package hyperref Warning: Token not allowed in a PDF string (Unicode):
(hyperref)                removing `math shift' on input line 163.

File: figures/train/delta/pic1.jpg Graphic file (type bmp)
<figures/train/delta/pic1.jpg>
File: figures/train/delta/pic2.jpg Graphic file (type bmp)
<figures/train/delta/pic2.jpg>

Underfull \vbox (badness 10000) has occurred while \output is active []

 [3]
(./figures/train/delta/out.tex)
Underfull \vbox (badness 10000) has occurred while \output is active []

 [4]
(./figures/train/delta/out2.tex
\s=\count381
\h=\count382
\m=\count383
\s=\count384
\h=\count385
\m=\count386
\s=\count387
\h=\count388
\m=\count389
\s=\count390
\h=\count391
\m=\count392
\s=\count393
\h=\count394
\m=\count395
)

Package hyperref Warning: Token not allowed in a PDF string (Unicode):
(hyperref)                removing `\gls' on input line 164.

File: figures/train/jacTH/pic1.jpg Graphic file (type bmp)
<figures/train/jacTH/pic1.jpg>
File: figures/train/jacTH/pic2.jpg Graphic file (type bmp)
<figures/train/jacTH/pic2.jpg>

Underfull \vbox (badness 10000) has occurred while \output is active []

 [5]
(./figures/train/jacTH/out.tex)
Underfull \vbox (badness 10000) has occurred while \output is active []

 [6]
(./figures/train/jacTH/out2.tex
\s=\count396
\h=\count397
\m=\count398
\s=\count399
\h=\count400
\m=\count401
\s=\count402
\h=\count403
\m=\count404
\s=\count405
\h=\count406
\m=\count407
\s=\count408
\h=\count409
\m=\count410
)

Package hyperref Warning: Token not allowed in a PDF string (Unicode):
(hyperref)                removing `\gls' on input line 165.

File: figures/train/MinCosinSim/pic1.jpg Graphic file (type bmp)
<figures/train/MinCosinSim/pic1.jpg>
File: figures/train/MinCosinSim/pic2.jpg Graphic file (type bmp)
<figures/train/MinCosinSim/pic2.jpg>

Underfull \vbox (badness 10000) has occurred while \output is active []

 [7]
(./figures/train/MinCosinSim/out.tex)
Underfull \vbox (badness 10000) has occurred while \output is active []

 [8]
(./figures/train/MinCosinSim/out2.tex
\s=\count411
\h=\count412
\m=\count413
\s=\count414
\h=\count415
\m=\count416
\s=\count417
\h=\count418
\m=\count419
\s=\count420
\h=\count421
\m=\count422
)
LaTeX Font Info:    Font shape `TU/Yas(0)/bx/n' will be
(Font)              scaled to size 11.00006pt on input line 166.
LaTeX Font Info:    Font shape `TU/Yas(0)/bx/n' will be
(Font)              scaled to size 7.70004pt on input line 166.


Package hyperref Warning: Token not allowed in a PDF string (Unicode):
(hyperref)                removing `math shift' on input line 166.


Package hyperref Warning: Token not allowed in a PDF string (Unicode):
(hyperref)                removing `math shift' on input line 166.

File: figures/train/k_knn/pic1.jpg Graphic file (type bmp)
<figures/train/k_knn/pic1.jpg>
LaTeX Font Info:    Font shape `TU/Yas(0)/m/n' will be
(Font)              scaled to size 8.80005pt on input line 166.
LaTeX Font Info:    Font shape `TU/Yas(0)/m/n' will be
(Font)              scaled to size 6.60004pt on input line 166.
File: figures/train/k_knn/pic2.jpg Graphic file (type bmp)
<figures/train/k_knn/pic2.jpg>

Underfull \vbox (badness 10000) has occurred while \output is active []

 [9]
(./figures/train/k_knn/out.tex)
Underfull \vbox (badness 10000) has occurred while \output is active []

 [10]
(./figures/train/k_knn/out2.tex
\s=\count423
\h=\count424
\m=\count425
\s=\count426
\h=\count427
\m=\count428
\s=\count429
\h=\count430
\m=\count431
\s=\count432
\h=\count433
\m=\count434
)

Package hyperref Warning: Token not allowed in a PDF string (Unicode):
(hyperref)                removing `math shift' on input line 167.


Package hyperref Warning: Token not allowed in a PDF string (Unicode):
(hyperref)                removing `\alpha' on input line 167.


Package hyperref Warning: Token not allowed in a PDF string (Unicode):
(hyperref)                removing `math shift' on input line 167.

File: figures/train/a/pic1.jpg Graphic file (type bmp)
<figures/train/a/pic1.jpg>
File: figures/train/a/pic2.jpg Graphic file (type bmp)
<figures/train/a/pic2.jpg>

Underfull \vbox (badness 10000) has occurred while \output is active []

 [11]
(./figures/train/a/out.tex)
Underfull \vbox (badness 10000) has occurred while \output is active []

 [12]
(./figures/train/a/out2.tex
\s=\count435
\h=\count436
\m=\count437
\s=\count438
\h=\count439
\m=\count440
\s=\count441
\h=\count442
\m=\count443
\s=\count444
\h=\count445
\m=\count446
\s=\count447
\h=\count448
\m=\count449
)

Package hyperref Warning: Token not allowed in a PDF string (Unicode):
(hyperref)                removing `math shift' on input line 168.


Package hyperref Warning: Token not allowed in a PDF string (Unicode):
(hyperref)                removing `\rho' on input line 168.


Package hyperref Warning: Token not allowed in a PDF string (Unicode):
(hyperref)                removing `math shift' on input line 168.

File: figures/train/gs_k/pic1.jpg Graphic file (type bmp)
<figures/train/gs_k/pic1.jpg>
File: figures/train/gs_k/pic2.jpg Graphic file (type bmp)
<figures/train/gs_k/pic2.jpg>

Underfull \vbox (badness 10000) has occurred while \output is active []

 [13]
(./figures/train/gs_k/out.tex)
Underfull \vbox (badness 10000) has occurred while \output is active []

 [14]
(./figures/train/gs_k/out2.tex
\s=\count450
\h=\count451
\m=\count452
\s=\count453
\h=\count454
\m=\count455
\s=\count456
\h=\count457
\m=\count458
\s=\count459
\h=\count460
\m=\count461
)

Package hyperref Warning: Token not allowed in a PDF string (Unicode):
(hyperref)                removing `math shift' on input line 169.


Package hyperref Warning: Token not allowed in a PDF string (Unicode):
(hyperref)                removing `\beta' on input line 169.


Package hyperref Warning: Token not allowed in a PDF string (Unicode):
(hyperref)                removing `math shift' on input line 169.

File: figures/train/b/pic1.jpg Graphic file (type bmp)
<figures/train/b/pic1.jpg>
File: figures/train/b/pic2.jpg Graphic file (type bmp)
<figures/train/b/pic2.jpg>

Underfull \vbox (badness 10000) has occurred while \output is active []

 [15]
(./figures/train/b/out.tex)
Underfull \vbox (badness 10000) has occurred while \output is active []

 [16]
(./figures/train/b/out2.tex
\s=\count462
\h=\count463
\m=\count464
\s=\count465
\h=\count466
\m=\count467
\s=\count468
\h=\count469
\m=\count470
\s=\count471
\h=\count472
\m=\count473
)

Package hyperref Warning: Token not allowed in a PDF string (Unicode):
(hyperref)                removing `math shift' on input line 170.


Package hyperref Warning: Token not allowed in a PDF string (Unicode):
(hyperref)                removing `\tau' on input line 170.


Package hyperref Warning: Token not allowed in a PDF string (Unicode):
(hyperref)                removing `math shift' on input line 170.

File: figures/train/ch/pic1.jpg Graphic file (type bmp)
<figures/train/ch/pic1.jpg>
File: figures/train/ch/pic2.jpg Graphic file (type bmp)
<figures/train/ch/pic2.jpg>

Underfull \vbox (badness 10000) has occurred while \output is active []

 [17]
(./figures/train/ch/out.tex)
Underfull \vbox (badness 10000) has occurred while \output is active []

 [18]
(./figures/train/ch/out2.tex
\s=\count474
\h=\count475
\m=\count476
\s=\count477
\h=\count478
\m=\count479
\s=\count480
\h=\count481
\m=\count482
\s=\count483
\h=\count484
\m=\count485
)

Package hyperref Warning: Token not allowed in a PDF string (Unicode):
(hyperref)                removing `math shift' on input line 171.


Package hyperref Warning: Token not allowed in a PDF string (Unicode):
(hyperref)                removing `\eta' on input line 171.


Package hyperref Warning: Token not allowed in a PDF string (Unicode):
(hyperref)                removing `math shift' on input line 171.

File: figures/train/ne/pic1.jpg Graphic file (type bmp)
<figures/train/ne/pic1.jpg>
File: figures/train/ne/pic2.jpg Graphic file (type bmp)
<figures/train/ne/pic2.jpg>

Underfull \vbox (badness 10000) has occurred while \output is active []

 [19]
(./figures/train/ne/out.tex)
Underfull \vbox (badness 10000) has occurred while \output is active []

 [20]
(./figures/train/ne/out2.tex
\s=\count486
\h=\count487
\m=\count488
\s=\count489
\h=\count490
\m=\count491
\s=\count492
\h=\count493
\m=\count494
\s=\count495
\h=\count496
\m=\count497
\s=\count498
\h=\count499
\m=\count500
)
File: figures/train/K_TopScoreKeyword/pic1.jpg Graphic file (type bmp)
<figures/train/K_TopScoreKeyword/pic1.jpg>
File: figures/train/K_TopScoreKeyword/pic2.jpg Graphic file (type bmp)
<figures/train/K_TopScoreKeyword/pic2.jpg>

Underfull \vbox (badness 10000) has occurred while \output is active []

 [21]
(./figures/train/K_TopScoreKeyword/out.tex)
Underfull \vbox (badness 10000) has occurred while \output is active []

 [22]
(./figures/train/K_TopScoreKeyword/out2.tex
\s=\count501
\h=\count502
\m=\count503
\s=\count504
\h=\count505
\m=\count506
\s=\count507
\h=\count508
\m=\count509
\s=\count510
\h=\count511
\m=\count512
)
File: figures/train/K_TopPattern/pic1.jpg Graphic file (type bmp)
<figures/train/K_TopPattern/pic1.jpg>
File: figures/train/K_TopPattern/pic2.jpg Graphic file (type bmp)
<figures/train/K_TopPattern/pic2.jpg>

Underfull \vbox (badness 10000) has occurred while \output is active []

 [23]
(./figures/train/K_TopPattern/out.tex)
Underfull \vbox (badness 10000) has occurred while \output is active []

 [24]
(./figures/train/K_TopPattern/out2.tex
\s=\count513
\h=\count514
\m=\count515
\s=\count516
\h=\count517
\m=\count518
\s=\count519
\h=\count520
\m=\count521
)
File: figures/train/Min_keyword_count/pic1.jpg Graphic file (type bmp)
<figures/train/Min_keyword_count/pic1.jpg>
File: figures/train/Min_keyword_count/pic2.jpg Graphic file (type bmp)
<figures/train/Min_keyword_count/pic2.jpg>
 [25]
(./figures/train/Min_keyword_count/out.tex)
(./figures/train/Min_keyword_count/out2.tex
\s=\count522
\h=\count523
\m=\count524
\s=\count525
\h=\count526
\m=\count527
\s=\count528
\h=\count529
\m=\count530
)
File: figures/train/Min_topic_overlap/pic1.jpg Graphic file (type bmp)
<figures/train/Min_topic_overlap/pic1.jpg>

Underfull \vbox (badness 10000) has occurred while \output is active []

 [26]
File: figures/train/Min_topic_overlap/pic2.jpg Graphic file (type bmp)
<figures/train/Min_topic_overlap/pic2.jpg>

(./figures/train/Min_topic_overlap/out.tex)
Underfull \vbox (badness 10000) has occurred while \output is active []

 [27]
(./figures/train/Min_topic_overlap/out2.tex
\s=\count531
\h=\count532
\m=\count533
\s=\count534
\h=\count535
\m=\count536
\s=\count537
\h=\count538
\m=\count539
)

Package glossaries Warning: No \printglossary or \printglossaries found. 
(Remove \makeglossaries if you don't want any glossaries.) 
This document will not have a glossary.

Package atveryend Info: Empty hook `BeforeClearDocument' on input line 178.
[28]
Package atveryend Info: Empty hook `AfterLastShipout' on input line 178.
 (./Result.aux)
Package atveryend Info: Empty hook `AtVeryEndDocument' on input line 178.
Package atveryend Info: Executing hook `AtEndAfterFileList' on input line 178.
Package rerunfilecheck Info: File `Result.out' has not changed.
(rerunfilecheck)             Checksum: 40D507513C146D37F01329EAA2AF112F.
Package atveryend Info: Empty hook `AtVeryVeryEnd' on input line 178.
 ) 
Here is how much of TeX's memory you used:
 34249 strings out of 492960
 649443 string characters out of 6125067
 756834 words of memory out of 5000000
 37661 multiletter control sequences out of 15000+600000
 542663 words of font info for 129 fonts, out of 8000000 for 9000
 1348 hyphenation exceptions out of 8191
 52i,12n,69p,2595b,443s stack positions out of 5000i,500n,10000p,200000b,80000s

Output written on Result.pdf (28 pages).
